# JRE version: Java(TM) SE Runtime Environment (24.0.1+9) (build 24.0.1+9-30)
# Java VM: Java HotSpot(TM) 64-Bit Server VM (24.0.1+9-30, mixed mode, sharing, tiered, compressed oops, compressed class ptrs, g1 gc, windows-amd64)
GC Precious Log:
 CardTable entry size: 512
 Card Set container configuration: InlinePtr #cards 4 size 8 Array Of Cards #cards 32 size 80 Howl #buckets 8 coarsen threshold 7372 Howl Bitmap #cards 1024 size 144 coarsen threshold 921 Card regions per heap region 1 cards per card region 8192
 CPUs: 12 total, 12 available
 Memory: 32578M
 Large Page Support: Disabled
 NUMA Support: Disabled
 Compressed Oops: Enabled (Zero based)
 Heap Region Size: 4M
 Heap Min Capacity: 8M
 Heap Initial Capacity: 512M
 Heap Max Capacity: 8148M
 Pre-touch: Disabled
 Parallel Workers: 10
 Concurrent Workers: 3
 Concurrent Refinement Workers: 10
 Periodic GC: Disabled
Heap:
 garbage-first heap   total reserved 8343552K, committed 81920K, used 64085K [0x0000000602c00000, 0x0000000800000000)
  region size 4096K, 8 young (32768K), 1 survivors (4096K)
 Metaspace       used 91623K, committed 92288K, reserved 1179648K
  class space    used 10047K, committed 10304K, reserved 1048576K
GC Heap History (20 events):
Event: 6.252 GC heap before
{Heap before GC invocations=14 (full 0):
 garbage-first heap   total reserved 8343552K, committed 81920K, used 65319K [0x0000000602c00000, 0x0000000800000000)
  region size 4096K, 10 young (40960K), 2 survivors (8192K)
 Metaspace       used 76952K, committed 77504K, reserved 1179648K
  class space    used 7919K, committed 8128K, reserved 1048576K
}
Event: 6.255 GC heap after
{Heap after GC invocations=15 (full 0):
 garbage-first heap   total reserved 8343552K, committed 81920K, used 34143K [0x0000000602c00000, 0x0000000800000000)
  region size 4096K, 2 young (8192K), 2 survivors (8192K)
 Metaspace       used 76952K, committed 77504K, reserved 1179648K
  class space    used 7919K, committed 8128K, reserved 1048576K
}
Event: 6.475 GC heap before
{Heap before GC invocations=15 (full 0):
 garbage-first heap   total reserved 8343552K, committed 81920K, used 62815K [0x0000000602c00000, 0x0000000800000000)
  region size 4096K, 9 young (36864K), 2 survivors (8192K)
 Metaspace       used 79101K, committed 79680K, reserved 1179648K
  class space    used 8339K, committed 8576K, reserved 1048576K
}
Event: 6.478 GC heap after
{Heap after GC invocations=16 (full 0):
 garbage-first heap   total reserved 8343552K, committed 81920K, used 37307K [0x0000000602c00000, 0x0000000800000000)
  region size 4096K, 2 young (8192K), 2 survivors (8192K)
 Metaspace       used 79101K, committed 79680K, reserved 1179648K
  class space    used 8339K, committed 8576K, reserved 1048576K
}
Event: 6.599 GC heap before
{Heap before GC invocations=17 (full 0):
 garbage-first heap   total reserved 8343552K, committed 81920K, used 65979K [0x0000000602c00000, 0x0000000800000000)
  region size 4096K, 9 young (36864K), 2 survivors (8192K)
 Metaspace       used 79108K, committed 79680K, reserved 1179648K
  class space    used 8339K, committed 8576K, reserved 1048576K
}
Event: 6.602 GC heap after
{Heap after GC invocations=18 (full 0):
 garbage-first heap   total reserved 8343552K, committed 81920K, used 39861K [0x0000000602c00000, 0x0000000800000000)
  region size 4096K, 2 young (8192K), 2 survivors (8192K)
 Metaspace       used 79108K, committed 79680K, reserved 1179648K
  class space    used 8339K, committed 8576K, reserved 1048576K
}
Event: 6.758 GC heap before
{Heap before GC invocations=18 (full 0):
 garbage-first heap   total reserved 8343552K, committed 81920K, used 60341K [0x0000000602c00000, 0x0000000800000000)
  region size 4096K, 8 young (32768K), 2 survivors (8192K)
 Metaspace       used 80545K, committed 81024K, reserved 1179648K
  class space    used 8716K, committed 8896K, reserved 1048576K
}
Event: 6.761 GC heap after
{Heap after GC invocations=19 (full 0):
 garbage-first heap   total reserved 8343552K, committed 81920K, used 39500K [0x0000000602c00000, 0x0000000800000000)
  region size 4096K, 1 young (4096K), 1 survivors (4096K)
 Metaspace       used 80545K, committed 81024K, reserved 1179648K
  class space    used 8716K, committed 8896K, reserved 1048576K
}
Event: 6.792 GC heap before
{Heap before GC invocations=19 (full 0):
 garbage-first heap   total reserved 8343552K, committed 81920K, used 68172K [0x0000000602c00000, 0x0000000800000000)
  region size 4096K, 8 young (32768K), 1 survivors (4096K)
 Metaspace       used 80552K, committed 81024K, reserved 1179648K
  class space    used 8716K, committed 8896K, reserved 1048576K
}
Event: 6.795 GC heap after
{Heap after GC invocations=20 (full 0):
 garbage-first heap   total reserved 8343552K, committed 81920K, used 43831K [0x0000000602c00000, 0x0000000800000000)
  region size 4096K, 1 young (4096K), 1 survivors (4096K)
 Metaspace       used 80552K, committed 81024K, reserved 1179648K
  class space    used 8716K, committed 8896K, reserved 1048576K
}
Event: 6.831 GC heap before
{Heap before GC invocations=21 (full 0):
 garbage-first heap   total reserved 8343552K, committed 81920K, used 68407K [0x0000000602c00000, 0x0000000800000000)
  region size 4096K, 7 young (28672K), 1 survivors (4096K)
 Metaspace       used 80557K, committed 81024K, reserved 1179648K
  class space    used 8716K, committed 8896K, reserved 1048576K
}
Event: 6.832 GC heap after
{Heap after GC invocations=22 (full 0):
 garbage-first heap   total reserved 8343552K, committed 81920K, used 43022K [0x0000000602c00000, 0x0000000800000000)
  region size 4096K, 1 young (4096K), 1 survivors (4096K)
 Metaspace       used 80557K, committed 81024K, reserved 1179648K
  class space    used 8716K, committed 8896K, reserved 1048576K
}
Event: 6.900 GC heap before
{Heap before GC invocations=22 (full 0):
 garbage-first heap   total reserved 8343552K, committed 81920K, used 67598K [0x0000000602c00000, 0x0000000800000000)
  region size 4096K, 7 young (28672K), 1 survivors (4096K)
 Metaspace       used 81521K, committed 82048K, reserved 1179648K
  class space    used 8857K, committed 9088K, reserved 1048576K
}
Event: 6.901 GC heap after
{Heap after GC invocations=23 (full 0):
 garbage-first heap   total reserved 8343552K, committed 81920K, used 42642K [0x0000000602c00000, 0x0000000800000000)
  region size 4096K, 1 young (4096K), 1 survivors (4096K)
 Metaspace       used 81521K, committed 82048K, reserved 1179648K
  class space    used 8857K, committed 9088K, reserved 1048576K
}
Event: 7.992 GC heap before
{Heap before GC invocations=24 (full 0):
 garbage-first heap   total reserved 8343552K, committed 81920K, used 67218K [0x0000000602c00000, 0x0000000800000000)
  region size 4096K, 7 young (28672K), 1 survivors (4096K)
 Metaspace       used 83337K, committed 83968K, reserved 1179648K
  class space    used 9047K, committed 9280K, reserved 1048576K
}
Event: 7.993 GC heap after
{Heap after GC invocations=25 (full 0):
 garbage-first heap   total reserved 8343552K, committed 81920K, used 43740K [0x0000000602c00000, 0x0000000800000000)
  region size 4096K, 1 young (4096K), 1 survivors (4096K)
 Metaspace       used 83337K, committed 83968K, reserved 1179648K
  class space    used 9047K, committed 9280K, reserved 1048576K
}
Event: 8.468 GC heap before
{Heap before GC invocations=25 (full 0):
 garbage-first heap   total reserved 8343552K, committed 81920K, used 68316K [0x0000000602c00000, 0x0000000800000000)
  region size 4096K, 7 young (28672K), 1 survivors (4096K)
 Metaspace       used 85099K, committed 85696K, reserved 1179648K
  class space    used 9263K, committed 9536K, reserved 1048576K
}
Event: 8.470 GC heap after
{Heap after GC invocations=26 (full 0):
 garbage-first heap   total reserved 8343552K, committed 81920K, used 41695K [0x0000000602c00000, 0x0000000800000000)
  region size 4096K, 1 young (4096K), 1 survivors (4096K)
 Metaspace       used 85099K, committed 85696K, reserved 1179648K
  class space    used 9263K, committed 9536K, reserved 1048576K
}
Event: 8.923 GC heap before
{Heap before GC invocations=26 (full 0):
 garbage-first heap   total reserved 8343552K, committed 81920K, used 70367K [0x0000000602c00000, 0x0000000800000000)
  region size 4096K, 8 young (32768K), 1 survivors (4096K)
 Metaspace       used 86725K, committed 87360K, reserved 1179648K
  class space    used 9450K, committed 9728K, reserved 1048576K
}
Event: 8.926 GC heap after
{Heap after GC invocations=27 (full 0):
 garbage-first heap   total reserved 8343552K, committed 81920K, used 43605K [0x0000000602c00000, 0x0000000800000000)
  region size 4096K, 1 young (4096K), 1 survivors (4096K)
 Metaspace       used 86725K, committed 87360K, reserved 1179648K
  class space    used 9450K, committed 9728K, reserved 1048576K
}

